<?xml version="1.0" encoding="UTF-8"?>
<testng-results ignored="0" total="2" passed="2" failed="0" skipped="0">
  <reporter-output>
  </reporter-output>
  <suite started-at="2024-05-16T10:04:49 IST" name="Default suite" finished-at="2024-05-16T10:09:38 IST" duration-ms="288960">
    <groups>
    </groups>
    <test started-at="2024-05-16T10:04:49 IST" name="Default test" finished-at="2024-05-16T10:09:38 IST" duration-ms="288960">
      <class name="automationExample.Reditum">
        <test-method is-config="true" signature="setUp()[pri:0, instance:automationExample.Reditum@6c80d78a]" started-at="2024-05-16T10:04:49 IST" name="setUp" finished-at="2024-05-16T10:04:54 IST" duration-ms="4896" status="PASS">
          <reporter-output>
          </reporter-output>
        </test-method> <!-- setUp -->
        <test-method signature="adminPanel()[pri:0, instance:automationExample.Reditum@6c80d78a]" started-at="2024-05-16T10:04:54 IST" name="adminPanel" finished-at="2024-05-16T10:06:42 IST" duration-ms="107990" status="PASS">
          <reporter-output>
          </reporter-output>
        </test-method> <!-- adminPanel -->
        <test-method signature="userpanel()[pri:1, instance:automationExample.Reditum@6c80d78a]" started-at="2024-05-16T10:06:42 IST" name="userpanel" finished-at="2024-05-16T10:09:37 IST" duration-ms="175301" status="PASS">
          <reporter-output>
          </reporter-output>
        </test-method> <!-- userpanel -->
        <test-method is-config="true" signature="teardown()[pri:0, instance:automationExample.Reditum@6c80d78a]" started-at="2024-05-16T10:09:37 IST" name="teardown" finished-at="2024-05-16T10:09:38 IST" duration-ms="657" status="PASS">
          <reporter-output>
          </reporter-output>
        </test-method> <!-- teardown -->
      </class> <!-- automationExample.Reditum -->
    </test> <!-- Default test -->
  </suite> <!-- Default suite -->
</testng-results>
